---- light / ericw-tools v0.18.1 ----
extra 2x2 sampling enabled
Raytracing backend: Embree
running with 6 threads
LoadBSPFile: 'commandcenter.bsp'
BSP is version 29
--- LoadEntities ---
WARNING: Not 3 values for mangle
45 entities read, 4 are lights.
--- OptionsSummary ---
Embree_TraceInit: Embree version: 2.15.0
Embree_TraceInit:
	158 sky faces
	4198 solid faces
	0 filtered faces
	0 shadow-casting skip faces
SetupLights: 4 initial lights
SetupLights: 4 after surface lights
SetupLights: 4 after jittering
--- EstimateLightVisibility ---
0....1....2....3....4....5....6....7..
Final count: 4 lights 0 suns in use.
--- LightWorld ---
0....1....2....3....4....5....6....7....8....9....
Lighting Completed.

lightdatasize: 10136
0 switchable light styles (32 max)
Writing commandcenter.bsp as BSP version 29
0.582 seconds elapsed

stats:
0.115167 lights tested, 0.067481 hits per sample point
0.000000 bounce lights tested, 0.000000 hits per sample point
0 empty lightmaps
